[debug] [2024-11-14T10:55:38.591Z] ----------------------------------------------------------------------
[debug] [2024-11-14T10:55:38.595Z] Command:       C:\Program Files\nodejs\node.exe C:\Users\Aayush\AppData\Roaming\npm\node_modules\firebase-tools\lib\bin\firebase.js init
[debug] [2024-11-14T10:55:38.596Z] CLI Version:   13.25.0
[debug] [2024-11-14T10:55:38.596Z] Platform:      win32
[debug] [2024-11-14T10:55:38.596Z] Node Version:  v23.2.0
[debug] [2024-11-14T10:55:38.597Z] Time:          Thu Nov 14 2024 16:25:38 GMT+0530 (India Standard Time)
[debug] [2024-11-14T10:55:38.597Z] ----------------------------------------------------------------------
[debug] 
[debug] [2024-11-14T10:55:38.607Z] > command requires scopes: ["email","openid","https://www.googleapis.com/auth/cloudplatformprojects.readonly","https://www.googleapis.com/auth/firebase","https://www.googleapis.com/auth/cloud-platform"]
[debug] [2024-11-14T10:55:38.607Z] > authorizing via signed-in user (aayushkaswan79@gmail.com)
[info] 
     ######## #### ########  ######## ########     ###     ######  ########
     ##        ##  ##     ## ##       ##     ##  ##   ##  ##       ##
     ######    ##  ########  ######   ########  #########  ######  ######
     ##        ##  ##    ##  ##       ##     ## ##     ##       ## ##
     ##       #### ##     ## ######## ########  ##     ##  ######  ########

You're about to initialize a Firebase project in this directory:

  D:\jhonsmith

[info] 
=== Project Setup
[info] 
[info] First, let's associate this project directory with a Firebase project.
[info] You can create multiple project aliases by running firebase use --add, 
[info] but for now we'll just set up a default project.
[info] 
[info] i  If you want to create a project in a Google Cloud organization or folder, please use "firebase projects:create" instead, and return to this command when you've created the project. 
[debug] [2024-11-14T10:56:52.959Z] Checked if tokens are valid: true, expires at: 1731584780700
[debug] [2024-11-14T10:56:52.960Z] Checked if tokens are valid: true, expires at: 1731584780700
[debug] [2024-11-14T10:56:52.961Z] >>> [apiv2][query] POST https://cloudresourcemanager.googleapis.com/v1/projects [none]
[debug] [2024-11-14T10:56:52.961Z] >>> [apiv2][body] POST https://cloudresourcemanager.googleapis.com/v1/projects {"projectId":"jasontsmith","name":"jasontsmith-1"}
[debug] [2024-11-14T10:56:54.615Z] <<< [apiv2][status] POST https://cloudresourcemanager.googleapis.com/v1/projects 409
[debug] [2024-11-14T10:56:54.615Z] <<< [apiv2][body] POST https://cloudresourcemanager.googleapis.com/v1/projects {"error":{"code":409,"message":"Requested entity already exists","status":"ALREADY_EXISTS"}}
[debug] [2024-11-14T10:56:54.868Z] FirebaseError: Request to https://cloudresourcemanager.googleapis.com/v1/projects had HTTP Error: 409, Requested entity already exists
    at responseToError (C:\Users\Aayush\AppData\Roaming\npm\node_modules\firebase-tools\lib\responseToError.js:52:12)
    at RetryOperation._fn (C:\Users\Aayush\AppData\Roaming\npm\node_modules\firebase-tools\lib\apiv2.js:312:77)
    at process.processTicksAndRejections (node:internal/process/task_queues:105:5)
[error] 
[error] Error: Failed to create project because there is already a project with ID jasontsmith. Please try again with a unique project ID.
[debug] [2024-11-14T10:57:24.743Z] ----------------------------------------------------------------------
[debug] [2024-11-14T10:57:24.747Z] Command:       C:\Program Files\nodejs\node.exe C:\Users\Aayush\AppData\Roaming\npm\node_modules\firebase-tools\lib\bin\firebase.js init
[debug] [2024-11-14T10:57:24.748Z] CLI Version:   13.25.0
[debug] [2024-11-14T10:57:24.748Z] Platform:      win32
[debug] [2024-11-14T10:57:24.748Z] Node Version:  v23.2.0
[debug] [2024-11-14T10:57:24.749Z] Time:          Thu Nov 14 2024 16:27:24 GMT+0530 (India Standard Time)
[debug] [2024-11-14T10:57:24.749Z] ----------------------------------------------------------------------
[debug] 
[debug] [2024-11-14T10:57:24.758Z] > command requires scopes: ["email","openid","https://www.googleapis.com/auth/cloudplatformprojects.readonly","https://www.googleapis.com/auth/firebase","https://www.googleapis.com/auth/cloud-platform"]
[debug] [2024-11-14T10:57:24.759Z] > authorizing via signed-in user (aayushkaswan79@gmail.com)
[info] 
     ######## #### ########  ######## ########     ###     ######  ########
     ##        ##  ##     ## ##       ##     ##  ##   ##  ##       ##
     ######    ##  ########  ######   ########  #########  ######  ######
     ##        ##  ##    ##  ##       ##     ## ##     ##       ## ##
     ##       #### ##     ## ######## ########  ##     ##  ######  ########

You're about to initialize a Firebase project in this directory:

  D:\jhonsmith

[info] 
=== Project Setup
[info] 
[info] First, let's associate this project directory with a Firebase project.
[info] You can create multiple project aliases by running firebase use --add, 
[info] but for now we'll just set up a default project.
[info] 
[info] i  If you want to create a project in a Google Cloud organization or folder, please use "firebase projects:create" instead, and return to this command when you've created the project. 
[debug] [2024-11-14T10:57:56.215Z] Checked if tokens are valid: true, expires at: 1731584780700
[debug] [2024-11-14T10:57:56.215Z] Checked if tokens are valid: true, expires at: 1731584780700
[debug] [2024-11-14T10:57:56.217Z] >>> [apiv2][query] POST https://cloudresourcemanager.googleapis.com/v1/projects [none]
[debug] [2024-11-14T10:57:56.217Z] >>> [apiv2][body] POST https://cloudresourcemanager.googleapis.com/v1/projects {"projectId":"jhontsmith-2","name":"jhontsmith-2"}
[debug] [2024-11-14T10:57:58.116Z] <<< [apiv2][status] POST https://cloudresourcemanager.googleapis.com/v1/projects 200
[debug] [2024-11-14T10:57:58.116Z] <<< [apiv2][body] POST https://cloudresourcemanager.googleapis.com/v1/projects {"name":"operations/cp.5364414818195788160"}
[debug] [2024-11-14T10:57:58.118Z] Checked if tokens are valid: true, expires at: 1731584780700
[debug] [2024-11-14T10:57:58.118Z] Checked if tokens are valid: true, expires at: 1731584780700
[debug] [2024-11-14T10:57:58.118Z] >>> [apiv2][query] GET https://cloudresourcemanager.googleapis.com/v1/operations/cp.5364414818195788160 [none]
[debug] [2024-11-14T10:57:59.785Z] <<< [apiv2][status] GET https://cloudresourcemanager.googleapis.com/v1/operations/cp.5364414818195788160 200
[debug] [2024-11-14T10:57:59.785Z] <<< [apiv2][body] GET https://cloudresourcemanager.googleapis.com/v1/operations/cp.5364414818195788160 {"name":"operations/cp.5364414818195788160"}
[debug] [2024-11-14T10:58:00.296Z] [Project Creation Poller] Retrying task index 0
[debug] [2024-11-14T10:58:00.296Z] Checked if tokens are valid: true, expires at: 1731584780700
[debug] [2024-11-14T10:58:00.296Z] Checked if tokens are valid: true, expires at: 1731584780700
[debug] [2024-11-14T10:58:00.297Z] >>> [apiv2][query] GET https://cloudresourcemanager.googleapis.com/v1/operations/cp.5364414818195788160 [none]
[debug] [2024-11-14T10:58:00.870Z] <<< [apiv2][status] GET https://cloudresourcemanager.googleapis.com/v1/operations/cp.5364414818195788160 200
[debug] [2024-11-14T10:58:00.870Z] <<< [apiv2][body] GET https://cloudresourcemanager.googleapis.com/v1/operations/cp.5364414818195788160 {"name":"operations/cp.5364414818195788160","metadata":{"@type":"type.googleapis.com/google.cloudresourcemanager.v1.ProjectCreationStatus","gettable":true}}
[debug] [2024-11-14T10:58:01.882Z] [Project Creation Poller] Retrying task index 0
[debug] [2024-11-14T10:58:01.883Z] Checked if tokens are valid: true, expires at: 1731584780700
[debug] [2024-11-14T10:58:01.883Z] Checked if tokens are valid: true, expires at: 1731584780700
[debug] [2024-11-14T10:58:01.883Z] >>> [apiv2][query] GET https://cloudresourcemanager.googleapis.com/v1/operations/cp.5364414818195788160 [none]
[debug] [2024-11-14T10:58:02.475Z] <<< [apiv2][status] GET https://cloudresourcemanager.googleapis.com/v1/operations/cp.5364414818195788160 200
[debug] [2024-11-14T10:58:02.475Z] <<< [apiv2][body] GET https://cloudresourcemanager.googleapis.com/v1/operations/cp.5364414818195788160 {"name":"operations/cp.5364414818195788160","metadata":{"@type":"type.googleapis.com/google.cloudresourcemanager.v1.ProjectCreationStatus","gettable":true,"ready":true},"done":true,"response":{"@type":"type.googleapis.com/google.cloudresourcemanager.v1.Project","projectNumber":"1068222760439","projectId":"jhontsmith-2","lifecycleState":"ACTIVE","name":"jhontsmith-2","createTime":"2024-11-14T10:57:59.894299Z"}}
[debug] [2024-11-14T10:58:02.478Z] Checked if tokens are valid: true, expires at: 1731584780700
[debug] [2024-11-14T10:58:02.478Z] Checked if tokens are valid: true, expires at: 1731584780700
[debug] [2024-11-14T10:58:02.478Z] >>> [apiv2][query] POST https://firebase.googleapis.com/v1beta1/projects/jhontsmith-2:addFirebase [none]
[debug] [2024-11-14T10:58:06.524Z] <<< [apiv2][status] POST https://firebase.googleapis.com/v1beta1/projects/jhontsmith-2:addFirebase 200
[debug] [2024-11-14T10:58:06.524Z] <<< [apiv2][body] POST https://firebase.googleapis.com/v1beta1/projects/jhontsmith-2:addFirebase {"name":"operations/workflows/M2ExN2ZhZmUtYTQ3MC00MTZjLWEzYjgtYmE5ZjQyYjViOGEy"}
[debug] [2024-11-14T10:58:06.525Z] Checked if tokens are valid: true, expires at: 1731584780700
[debug] [2024-11-14T10:58:06.525Z] Checked if tokens are valid: true, expires at: 1731584780700
[debug] [2024-11-14T10:58:06.525Z] >>> [apiv2][query] GET https://firebase.googleapis.com/v1beta1/operations/workflows/M2ExN2ZhZmUtYTQ3MC00MTZjLWEzYjgtYmE5ZjQyYjViOGEy [none]
[debug] [2024-11-14T10:58:10.934Z] <<< [apiv2][status] GET https://firebase.googleapis.com/v1beta1/operations/workflows/M2ExN2ZhZmUtYTQ3MC00MTZjLWEzYjgtYmE5ZjQyYjViOGEy 200
[debug] [2024-11-14T10:58:10.934Z] <<< [apiv2][body] GET https://firebase.googleapis.com/v1beta1/operations/workflows/M2ExN2ZhZmUtYTQ3MC00MTZjLWEzYjgtYmE5ZjQyYjViOGEy {"name":"operations/workflows/M2ExN2ZhZmUtYTQ3MC00MTZjLWEzYjgtYmE5ZjQyYjViOGEy"}
[debug] [2024-11-14T10:58:11.449Z] [Add Firebase Poller] Retrying task index 0
[debug] [2024-11-14T10:58:11.450Z] Checked if tokens are valid: true, expires at: 1731584780700
[debug] [2024-11-14T10:58:11.450Z] Checked if tokens are valid: true, expires at: 1731584780700
[debug] [2024-11-14T10:58:11.450Z] >>> [apiv2][query] GET https://firebase.googleapis.com/v1beta1/operations/workflows/M2ExN2ZhZmUtYTQ3MC00MTZjLWEzYjgtYmE5ZjQyYjViOGEy [none]
[debug] [2024-11-14T10:58:12.477Z] <<< [apiv2][status] GET https://firebase.googleapis.com/v1beta1/operations/workflows/M2ExN2ZhZmUtYTQ3MC00MTZjLWEzYjgtYmE5ZjQyYjViOGEy 200
[debug] [2024-11-14T10:58:12.477Z] <<< [apiv2][body] GET https://firebase.googleapis.com/v1beta1/operations/workflows/M2ExN2ZhZmUtYTQ3MC00MTZjLWEzYjgtYmE5ZjQyYjViOGEy {"name":"operations/workflows/M2ExN2ZhZmUtYTQ3MC00MTZjLWEzYjgtYmE5ZjQyYjViOGEy"}
[debug] [2024-11-14T10:58:13.485Z] [Add Firebase Poller] Retrying task index 0
[debug] [2024-11-14T10:58:13.486Z] Checked if tokens are valid: true, expires at: 1731584780700
[debug] [2024-11-14T10:58:13.486Z] Checked if tokens are valid: true, expires at: 1731584780700
[debug] [2024-11-14T10:58:13.486Z] >>> [apiv2][query] GET https://firebase.googleapis.com/v1beta1/operations/workflows/M2ExN2ZhZmUtYTQ3MC00MTZjLWEzYjgtYmE5ZjQyYjViOGEy [none]
[debug] [2024-11-14T10:58:14.228Z] <<< [apiv2][status] GET https://firebase.googleapis.com/v1beta1/operations/workflows/M2ExN2ZhZmUtYTQ3MC00MTZjLWEzYjgtYmE5ZjQyYjViOGEy 200
[debug] [2024-11-14T10:58:14.228Z] <<< [apiv2][body] GET https://firebase.googleapis.com/v1beta1/operations/workflows/M2ExN2ZhZmUtYTQ3MC00MTZjLWEzYjgtYmE5ZjQyYjViOGEy {"name":"operations/workflows/M2ExN2ZhZmUtYTQ3MC00MTZjLWEzYjgtYmE5ZjQyYjViOGEy"}
[debug] [2024-11-14T10:58:16.237Z] [Add Firebase Poller] Retrying task index 0
[debug] [2024-11-14T10:58:16.237Z] Checked if tokens are valid: true, expires at: 1731584780700
[debug] [2024-11-14T10:58:16.237Z] Checked if tokens are valid: true, expires at: 1731584780700
[debug] [2024-11-14T10:58:16.237Z] >>> [apiv2][query] GET https://firebase.googleapis.com/v1beta1/operations/workflows/M2ExN2ZhZmUtYTQ3MC00MTZjLWEzYjgtYmE5ZjQyYjViOGEy [none]
[debug] [2024-11-14T10:58:17.560Z] <<< [apiv2][status] GET https://firebase.googleapis.com/v1beta1/operations/workflows/M2ExN2ZhZmUtYTQ3MC00MTZjLWEzYjgtYmE5ZjQyYjViOGEy 200
[debug] [2024-11-14T10:58:17.560Z] <<< [apiv2][body] GET https://firebase.googleapis.com/v1beta1/operations/workflows/M2ExN2ZhZmUtYTQ3MC00MTZjLWEzYjgtYmE5ZjQyYjViOGEy {"name":"operations/workflows/M2ExN2ZhZmUtYTQ3MC00MTZjLWEzYjgtYmE5ZjQyYjViOGEy","done":true,"response":{"@type":"type.googleapis.com/google.firebase.service.v1beta1.FirebaseProject","projectId":"jhontsmith-2","projectNumber":"1068222760439","displayName":"jhontsmith-2","name":"projects/jhontsmith-2","resources":{"hostingSite":"jhontsmith-2"}}}
[info] 
[info] === Your Firebase project is ready! ===
[info] 
[info] Project information:
[info]    - Project ID: jhontsmith-2
[info]    - Project Name: jhontsmith-2
[info] 
[info] Firebase console is available at
[info] https://console.firebase.google.com/project/jhontsmith-2/overview
[info] i  Using project jhontsmith-2 (jhontsmith-2) 
[info] 
=== Genkit Setup
[debug] [2024-11-14T10:58:17.828Z] Error: spawnSync npm ENOENT
    at Object.spawnSync (node:internal/child_process:1120:20)
    at spawnSync (node:child_process:868:24)
    at execFileSync (node:child_process:911:15)
    at getGenkitVersion (C:\Users\Aayush\AppData\Roaming\npm\node_modules\firebase-tools\lib\init\features\genkit\index.js:29:58)
    at doSetup (C:\Users\Aayush\AppData\Roaming\npm\node_modules\firebase-tools\lib\init\features\genkit\index.js:56:30)
    at init (C:\Users\Aayush\AppData\Roaming\npm\node_modules\firebase-tools\lib\init\index.js:41:15)
    at init (C:\Users\Aayush\AppData\Roaming\npm\node_modules\firebase-tools\lib\init\index.js:42:16)
    at process.processTicksAndRejections (node:internal/process/task_queues:105:5)
[error] 
[error] Error: An unexpected error has occurred.
